Testsuite: comp207p.target.ConstantVariableFoldingTest
<<<<<<< HEAD
Tests run: 4, Failures: 0, Errors: 0, Skipped: 0, Time elapsed: 0.021 sec
=======
<<<<<<< Updated upstream
<<<<<<< HEAD
Tests run: 4, Failures: 0, Errors: 0, Skipped: 0, Time elapsed: 0.018 sec
=======
<<<<<<< Updated upstream
Tests run: 4, Failures: 0, Errors: 0, Skipped: 0, Time elapsed: 0.03 sec
=======
Tests run: 4, Failures: 0, Errors: 0, Skipped: 0, Time elapsed: 0.014 sec
>>>>>>> Stashed changes
>>>>>>> e2491a1f2c1b2ac019ad68d243b66715802a4642
=======
Tests run: 4, Failures: 0, Errors: 0, Skipped: 0, Time elapsed: 0.014 sec
>>>>>>> Stashed changes
>>>>>>> f6dd34c2197d26640d0b553dcdf0ad23721e26b4

Testcase: testMethodThree took 0.001 sec
Testcase: testMethodFour took 0 sec
Testcase: testMethodOne took 0 sec
Testcase: testMethodTwo took 0 sec
